# JRE version: Java(TM) SE Runtime Environment (8.0_181-b13) (build 1.8.0_181-b13)
# Java VM: Java HotSpot(TM) 64-Bit Server VM (25.181-b13 mixed mode windows-amd64 compressed oops)
Heap:
 PSYoungGen      total 134656K, used 50408K [0x00000000eb580000, 0x00000000f9c80000, 0x0000000100000000)
  eden space 125440K, 34% used [0x00000000eb580000,0x00000000edff0db0,0x00000000f3000000)
  from space 9216K, 75% used [0x00000000f3000000,0x00000000f36c9628,0x00000000f3900000)
  to   space 9728K, 0% used [0x00000000f9300000,0x00000000f9300000,0x00000000f9c80000)
 ParOldGen       total 36864K, used 12355K [0x00000000c2000000, 0x00000000c4400000, 0x00000000eb580000)
  object space 36864K, 33% used [0x00000000c2000000,0x00000000c2c10ea0,0x00000000c4400000)
 Metaspace       used 26950K, capacity 28064K, committed 28160K, reserved 1073152K
  class space    used 3513K, capacity 3799K, committed 3840K, reserved 1048576K
GC Heap History (10 events):
Event: 7.488 GC heap before
{Heap before GC invocations=4 (full 0):
 PSYoungGen      total 34304K, used 34174K [0x00000000eb580000, 0x00000000ef880000, 0x0000000100000000)
  eden space 31744K, 100% used [0x00000000eb580000,0x00000000ed480000,0x00000000ed480000)
  from space 2560K, 94% used [0x00000000ed480000,0x00000000ed6df900,0x00000000ed700000)
  to   space 2560K, 0% used [0x00000000ef600000,0x00000000ef600000,0x00000000ef880000)
 ParOldGen       total 42496K, used 1732K [0x00000000c2000000, 0x00000000c4980000, 0x00000000eb580000)
  object space 42496K, 4% used [0x00000000c2000000,0x00000000c21b1200,0x00000000c4980000)
 Metaspace       used 10784K, capacity 11092K, committed 11136K, reserved 1058816K
  class space    used 1277K, capacity 1373K, committed 1408K, reserved 1048576K
Event: 7.495 GC heap after
Heap after GC invocations=4 (full 0):
 PSYoungGen      total 66048K, used 2549K [0x00000000eb580000, 0x00000000ef880000, 0x0000000100000000)
  eden space 63488K, 0% used [0x00000000eb580000,0x00000000eb580000,0x00000000ef380000)
  from space 2560K, 99% used [0x00000000ef600000,0x00000000ef87d480,0x00000000ef880000)
  to   space 2560K, 0% used [0x00000000ef380000,0x00000000ef380000,0x00000000ef600000)
 ParOldGen       total 42496K, used 4084K [0x00000000c2000000, 0x00000000c4980000, 0x00000000eb580000)
  object space 42496K, 9% used [0x00000000c2000000,0x00000000c23fd170,0x00000000c4980000)
 Metaspace       used 10784K, capacity 11092K, committed 11136K, reserved 1058816K
  class space    used 1277K, capacity 1373K, committed 1408K, reserved 1048576K
}
Event: 8.265 GC heap before
{Heap before GC invocations=5 (full 0):
 PSYoungGen      total 66048K, used 66037K [0x00000000eb580000, 0x00000000ef880000, 0x0000000100000000)
  eden space 63488K, 100% used [0x00000000eb580000,0x00000000ef380000,0x00000000ef380000)
  from space 2560K, 99% used [0x00000000ef600000,0x00000000ef87d480,0x00000000ef880000)
  to   space 2560K, 0% used [0x00000000ef380000,0x00000000ef380000,0x00000000ef600000)
 ParOldGen       total 42496K, used 4084K [0x00000000c2000000, 0x00000000c4980000, 0x00000000eb580000)
  object space 42496K, 9% used [0x00000000c2000000,0x00000000c23fd170,0x00000000c4980000)
 Metaspace       used 15122K, capacity 15610K, committed 15744K, reserved 1062912K
  class space    used 1990K, capacity 2127K, committed 2176K, reserved 1048576K
Event: 8.277 GC heap after
Heap after GC invocations=5 (full 0):
 PSYoungGen      total 66048K, used 2534K [0x00000000eb580000, 0x00000000f4080000, 0x0000000100000000)
  eden space 63488K, 0% used [0x00000000eb580000,0x00000000eb580000,0x00000000ef380000)
  from space 2560K, 99% used [0x00000000ef380000,0x00000000ef5f9a08,0x00000000ef600000)
  to   space 7680K, 0% used [0x00000000f3900000,0x00000000f3900000,0x00000000f4080000)
 ParOldGen       total 42496K, used 8510K [0x00000000c2000000, 0x00000000c4980000, 0x00000000eb580000)
  object space 42496K, 20% used [0x00000000c2000000,0x00000000c284fa10,0x00000000c4980000)
 Metaspace       used 15122K, capacity 15610K, committed 15744K, reserved 1062912K
  class space    used 1990K, capacity 2127K, committed 2176K, reserved 1048576K
}
Event: 8.857 GC heap before
{Heap before GC invocations=6 (full 0):
 PSYoungGen      total 66048K, used 56910K [0x00000000eb580000, 0x00000000f4080000, 0x0000000100000000)
  eden space 63488K, 85% used [0x00000000eb580000,0x00000000eea99fe8,0x00000000ef380000)
  from space 2560K, 99% used [0x00000000ef380000,0x00000000ef5f9a08,0x00000000ef600000)
  to   space 7680K, 0% used [0x00000000f3900000,0x00000000f3900000,0x00000000f4080000)
 ParOldGen       total 42496K, used 8510K [0x00000000c2000000, 0x00000000c4980000, 0x00000000eb580000)
  object space 42496K, 20% used [0x00000000c2000000,0x00000000c284fa10,0x00000000c4980000)
 Metaspace       used 20640K, capacity 21158K, committed 21296K, reserved 1067008K
  class space    used 2675K, capacity 2825K, committed 2944K, reserved 1048576K
Event: 8.874 GC heap after
Heap after GC invocations=6 (full 0):
 PSYoungGen      total 133120K, used 7651K [0x00000000eb580000, 0x00000000f4380000, 0x0000000100000000)
  eden space 125440K, 0% used [0x00000000eb580000,0x00000000eb580000,0x00000000f3000000)
  from space 7680K, 99% used [0x00000000f3900000,0x00000000f4078e20,0x00000000f4080000)
  to   space 9216K, 0% used [0x00000000f3000000,0x00000000f3000000,0x00000000f3900000)
 ParOldGen       total 42496K, used 9038K [0x00000000c2000000, 0x00000000c4980000, 0x00000000eb580000)
  object space 42496K, 21% used [0x00000000c2000000,0x00000000c28d3b78,0x00000000c4980000)
 Metaspace       used 20640K, capacity 21158K, committed 21296K, reserved 1067008K
  class space    used 2675K, capacity 2825K, committed 2944K, reserved 1048576K
}
Event: 8.874 GC heap before
{Heap before GC invocations=7 (full 1):
 PSYoungGen      total 133120K, used 7651K [0x00000000eb580000, 0x00000000f4380000, 0x0000000100000000)
  eden space 125440K, 0% used [0x00000000eb580000,0x00000000eb580000,0x00000000f3000000)
  from space 7680K, 99% used [0x00000000f3900000,0x00000000f4078e20,0x00000000f4080000)
  to   space 9216K, 0% used [0x00000000f3000000,0x00000000f3000000,0x00000000f3900000)
 ParOldGen       total 42496K, used 9038K [0x00000000c2000000, 0x00000000c4980000, 0x00000000eb580000)
  object space 42496K, 21% used [0x00000000c2000000,0x00000000c28d3b78,0x00000000c4980000)
 Metaspace       used 20640K, capacity 21158K, committed 21296K, reserved 1067008K
  class space    used 2675K, capacity 2825K, committed 2944K, reserved 1048576K
Event: 8.960 GC heap after
Heap after GC invocations=7 (full 1):
 PSYoungGen      total 133120K, used 0K [0x00000000eb580000, 0x00000000f4380000, 0x0000000100000000)
  eden space 125440K, 0% used [0x00000000eb580000,0x00000000eb580000,0x00000000f3000000)
  from space 7680K, 0% used [0x00000000f3900000,0x00000000f3900000,0x00000000f4080000)
  to   space 9216K, 0% used [0x00000000f3000000,0x00000000f3000000,0x00000000f3900000)
 ParOldGen       total 36864K, used 12283K [0x00000000c2000000, 0x00000000c4400000, 0x00000000eb580000)
  object space 36864K, 33% used [0x00000000c2000000,0x00000000c2bfee90,0x00000000c4400000)
 Metaspace       used 20638K, capacity 21152K, committed 21296K, reserved 1067008K
  class space    used 2674K, capacity 2824K, committed 2944K, reserved 1048576K
}
Event: 11.872 GC heap before
{Heap before GC invocations=8 (full 1):
 PSYoungGen      total 133120K, used 125440K [0x00000000eb580000, 0x00000000f4380000, 0x0000000100000000)
  eden space 125440K, 100% used [0x00000000eb580000,0x00000000f3000000,0x00000000f3000000)
  from space 7680K, 0% used [0x00000000f3900000,0x00000000f3900000,0x00000000f4080000)
  to   space 9216K, 0% used [0x00000000f3000000,0x00000000f3000000,0x00000000f3900000)
 ParOldGen       total 36864K, used 12283K [0x00000000c2000000, 0x00000000c4400000, 0x00000000eb580000)
  object space 36864K, 33% used [0x00000000c2000000,0x00000000c2bfee90,0x00000000c4400000)
 Metaspace       used 24786K, capacity 25638K, committed 25728K, reserved 1071104K
  class space    used 3204K, capacity 3442K, committed 3456K, reserved 1048576K
Event: 11.910 GC heap after
Heap after GC invocations=8 (full 1):
 PSYoungGen      total 134656K, used 6949K [0x00000000eb580000, 0x00000000f9c80000, 0x0000000100000000)
  eden space 125440K, 0% used [0x00000000eb580000,0x00000000eb580000,0x00000000f3000000)
  from space 9216K, 75% used [0x00000000f3000000,0x00000000f36c9628,0x00000000f3900000)
  to   space 9728K, 0% used [0x00000000f9300000,0x00000000f9300000,0x00000000f9c80000)
 ParOldGen       total 36864K, used 12355K [0x00000000c2000000, 0x00000000c4400000, 0x00000000eb580000)
  object space 36864K, 33% used [0x00000000c2000000,0x00000000c2c10ea0,0x00000000c4400000)
 Metaspace       used 24786K, capacity 25638K, committed 25728K, reserved 1071104K
  class space    used 3204K, capacity 3442K, committed 3456K, reserved 1048576K
}

